<?xml version="1.0" encoding="UTF-8"?>
<!-- Generated by org.testng.reporters.JUnitXMLReporter -->
<testsuite ignored="0" hostname="DESKTOP-OJMPDLR" failures="0" tests="4" name="Default test" time="6.504" errors="0" timestamp="2026-08-22T16:19:15 PDT">
  <testcase classname="test_Cases.UserTests" name="testPostUser" time="2.806"/>
  <testcase classname="test_Cases.UserTests" name="testGetUser" time="1.18"/>
  <testcase classname="test_Cases.UserTests" name="testUpdateUser" time="1.177"/>
  <testcase classname="test_Cases.UserTests" name="testDeleteUser" time="1.138"/>
</testsuite> <!-- Default test -->
