<?xml version="1.0" encoding="UTF-8"?>
<!-- Generated by org.testng.reporters.JUnitXMLReporter -->
<testsuite ignored="0" hostname="DESKTOP-OJMPDLR" failures="0" tests="6" name="Test" time="10.241" errors="0" timestamp="2026-08-26T06:29:03 PDT">
  <testcase classname="test_Cases.UserTestsDDT" name="testPostUser" time="2.809"/>
  <testcase classname="test_Cases.UserTestsDDT" name="testPostUser" time="1.274"/>
  <testcase classname="test_Cases.UserTestsDDT" name="testPostUser" time="1.27"/>
  <testcase classname="test_Cases.UserTestsDDT" name="testGetUser" time="1.328"/>
  <testcase classname="test_Cases.UserTestsDDT" name="testGetUser" time="1.254"/>
  <testcase classname="test_Cases.UserTestsDDT" name="testGetUser" time="1.234"/>
</testsuite> <!-- Test -->
