<?xml version="1.0" encoding="UTF-8"?>
<!-- Generated by org.testng.reporters.JUnitXMLReporter -->
<testsuite ignored="0" hostname="DESKTOP-OJMPDLR" failures="0" tests="6" name="Test" time="10.18" errors="0" timestamp="2026-08-26T06:48:04 PDT">
  <testcase classname="test_Cases.UserTestsDDT" name="testPostUser" time="2.703"/>
  <testcase classname="test_Cases.UserTestsDDT" name="testPostUser" time="1.255"/>
  <testcase classname="test_Cases.UserTestsDDT" name="testPostUser" time="1.26"/>
  <testcase classname="test_Cases.UserTestsDDT" name="testGetUser" time="1.325"/>
  <testcase classname="test_Cases.UserTestsDDT" name="testGetUser" time="1.252"/>
  <testcase classname="test_Cases.UserTestsDDT" name="testGetUser" time="1.316"/>
</testsuite> <!-- Test -->
