<?xml version="1.0" encoding="UTF-8"?>
<testng-results ignored="0" total="6" passed="6" failed="0" skipped="0">
  <reporter-output>
  </reporter-output>
  <suite started-at="2026-08-26T06:47:53 PDT" name="Suite" finished-at="2026-08-26T06:48:04 PDT" duration-ms="10180">
    <groups>
    </groups>
    <test started-at="2026-08-26T06:47:53 PDT" name="Test" finished-at="2026-08-26T06:48:04 PDT" duration-ms="10180">
      <class name="test_Cases.UserTestsDDT">
        <test-method signature="testPostUser(java.lang.String,java.lang.String,java.lang.String,java.lang.String,java.lang.String,java.lang.String,java.lang.String)[pri:1, instance:test_Cases.UserTestsDDT@71812481]" started-at="2026-08-26T06:47:54 PDT" name="testPostUser" data-provider="apiData" finished-at="2026-08-26T06:47:57 PDT" duration-ms="2703" status="PASS">
          <params>
            <param index="0">
              <value>
                <![CDATA[1010]]>
              </value>
            </param>
            <param index="1">
              <value>
                <![CDATA[Test@1]]>
              </value>
            </param>
            <param index="2">
              <value>
                <![CDATA[Sam]]>
              </value>
            </param>
            <param index="3">
              <value>
                <![CDATA[hussain]]>
              </value>
            </param>
            <param index="4">
              <value>
                <![CDATA[s@gmail.com]]>
              </value>
            </param>
            <param index="5">
              <value>
                <![CDATA[S@12345]]>
              </value>
            </param>
            <param index="6">
              <value>
                <![CDATA[1234567]]>
              </value>
            </param>
          </params>
          <reporter-output>
          </reporter-output>
        </test-method> <!-- testPostUser -->
        <test-method signature="testPostUser(java.lang.String,java.lang.String,java.lang.String,java.lang.String,java.lang.String,java.lang.String,java.lang.String)[pri:1, instance:test_Cases.UserTestsDDT@71812481]" started-at="2026-08-26T06:47:57 PDT" name="testPostUser" data-provider="apiData" finished-at="2026-08-26T06:47:58 PDT" duration-ms="1255" status="PASS">
          <params>
            <param index="0">
              <value>
                <![CDATA[1020]]>
              </value>
            </param>
            <param index="1">
              <value>
                <![CDATA[Test@2]]>
              </value>
            </param>
            <param index="2">
              <value>
                <![CDATA[john]]>
              </value>
            </param>
            <param index="3">
              <value>
                <![CDATA[william]]>
              </value>
            </param>
            <param index="4">
              <value>
                <![CDATA[john@gmail.com]]>
              </value>
            </param>
            <param index="5">
              <value>
                <![CDATA[J@12345]]>
              </value>
            </param>
            <param index="6">
              <value>
                <![CDATA[2324522]]>
              </value>
            </param>
          </params>
          <reporter-output>
          </reporter-output>
        </test-method> <!-- testPostUser -->
        <test-method signature="testPostUser(java.lang.String,java.lang.String,java.lang.String,java.lang.String,java.lang.String,java.lang.String,java.lang.String)[pri:1, instance:test_Cases.UserTestsDDT@71812481]" started-at="2026-08-26T06:47:58 PDT" name="testPostUser" data-provider="apiData" finished-at="2026-08-26T06:48:00 PDT" duration-ms="1260" status="PASS">
          <params>
            <param index="0">
              <value>
                <![CDATA[1030]]>
              </value>
            </param>
            <param index="1">
              <value>
                <![CDATA[Test@3]]>
              </value>
            </param>
            <param index="2">
              <value>
                <![CDATA[Scott]]>
              </value>
            </param>
            <param index="3">
              <value>
                <![CDATA[brain]]>
              </value>
            </param>
            <param index="4">
              <value>
                <![CDATA[bscott@gmail.com]]>
              </value>
            </param>
            <param index="5">
              <value>
                <![CDATA[B@12345]]>
              </value>
            </param>
            <param index="6">
              <value>
                <![CDATA[7635342]]>
              </value>
            </param>
          </params>
          <reporter-output>
          </reporter-output>
        </test-method> <!-- testPostUser -->
        <test-method signature="testGetUser(java.lang.String)[pri:2, instance:test_Cases.UserTestsDDT@71812481]" started-at="2026-08-26T06:48:00 PDT" name="testGetUser" data-provider="userName" finished-at="2026-08-26T06:48:01 PDT" duration-ms="1325" status="PASS">
          <params>
            <param index="0">
              <value>
                <![CDATA[Test@1]]>
              </value>
            </param>
          </params>
          <reporter-output>
          </reporter-output>
        </test-method> <!-- testGetUser -->
        <test-method signature="testGetUser(java.lang.String)[pri:2, instance:test_Cases.UserTestsDDT@71812481]" started-at="2026-08-26T06:48:01 PDT" name="testGetUser" data-provider="userName" finished-at="2026-08-26T06:48:02 PDT" duration-ms="1252" status="PASS">
          <params>
            <param index="0">
              <value>
                <![CDATA[Test@2]]>
              </value>
            </param>
          </params>
          <reporter-output>
          </reporter-output>
        </test-method> <!-- testGetUser -->
        <test-method signature="testGetUser(java.lang.String)[pri:2, instance:test_Cases.UserTestsDDT@71812481]" started-at="2026-08-26T06:48:02 PDT" name="testGetUser" data-provider="userName" finished-at="2026-08-26T06:48:04 PDT" duration-ms="1316" status="PASS">
          <params>
            <param index="0">
              <value>
                <![CDATA[Test@3]]>
              </value>
            </param>
          </params>
          <reporter-output>
          </reporter-output>
        </test-method> <!-- testGetUser -->
      </class> <!-- test_Cases.UserTestsDDT -->
    </test> <!-- Test -->
  </suite> <!-- Suite -->
</testng-results>
