<?xml version="1.0" encoding="UTF-8"?>
<testng-results ignored="0" total="4" passed="4" failed="0" skipped="0">
  <reporter-output>
  </reporter-output>
  <suite started-at="2026-08-22T17:09:33 PDT" name="Suite" finished-at="2026-08-22T17:09:39 PDT" duration-ms="6542">
    <groups>
    </groups>
    <test started-at="2026-08-22T17:09:33 PDT" name="Test" finished-at="2026-08-22T17:09:39 PDT" duration-ms="6542">
      <class name="test_Cases.UserTests">
        <test-method is-config="true" signature="setUp()[pri:0, instance:test_Cases.UserTests@1e8ce150]" started-at="2026-08-22T17:09:33 PDT" name="setUp" finished-at="2026-08-22T17:09:33 PDT" duration-ms="136" status="PASS">
          <reporter-output>
          </reporter-output>
        </test-method> <!-- setUp -->
        <test-method signature="testPostUser()[pri:1, instance:test_Cases.UserTests@1e8ce150]" started-at="2026-08-22T17:09:33 PDT" name="testPostUser" finished-at="2026-08-22T17:09:36 PDT" duration-ms="2673" status="PASS">
          <reporter-output>
          </reporter-output>
        </test-method> <!-- testPostUser -->
        <test-method signature="testGetUser()[pri:2, instance:test_Cases.UserTests@1e8ce150]" started-at="2026-08-22T17:09:36 PDT" name="testGetUser" finished-at="2026-08-22T17:09:37 PDT" duration-ms="1194" status="PASS">
          <reporter-output>
          </reporter-output>
        </test-method> <!-- testGetUser -->
        <test-method signature="testUpdateUser()[pri:3, instance:test_Cases.UserTests@1e8ce150]" started-at="2026-08-22T17:09:37 PDT" name="testUpdateUser" finished-at="2026-08-22T17:09:38 PDT" duration-ms="1172" status="PASS">
          <reporter-output>
          </reporter-output>
        </test-method> <!-- testUpdateUser -->
        <test-method signature="testDeleteUser()[pri:4, instance:test_Cases.UserTests@1e8ce150]" started-at="2026-08-22T17:09:38 PDT" name="testDeleteUser" finished-at="2026-08-22T17:09:39 PDT" duration-ms="1185" status="PASS">
          <reporter-output>
          </reporter-output>
        </test-method> <!-- testDeleteUser -->
      </class> <!-- test_Cases.UserTests -->
    </test> <!-- Test -->
  </suite> <!-- Suite -->
</testng-results>
