<?xml version="1.0" encoding="UTF-8"?>
<!-- Generated by org.testng.reporters.JUnitReportReporter -->
<testsuite hostname="DESKTOP-OJMPDLR" failures="0" tests="6" name="test_Cases.UserTestsDDT" time="9.169" errors="0" timestamp="2026-08-26T06:29:03 PDT" skipped="0">
  <testcase classname="test_Cases.UserTestsDDT" name="testPostUser" time="2.809"/>
  <testcase classname="test_Cases.UserTestsDDT" name="testPostUser" time="1.270"/>
  <testcase classname="test_Cases.UserTestsDDT" name="testPostUser" time="1.274"/>
  <testcase classname="test_Cases.UserTestsDDT" name="testGetUser" time="1.254"/>
  <testcase classname="test_Cases.UserTestsDDT" name="testGetUser" time="1.328"/>
  <testcase classname="test_Cases.UserTestsDDT" name="testGetUser" time="1.234"/>
</testsuite> <!-- test_Cases.UserTestsDDT -->
