<?xml version="1.0" encoding="UTF-8"?>
<!-- Generated by org.testng.reporters.JUnitReportReporter -->
<testsuite hostname="DESKTOP-OJMPDLR" failures="0" tests="4" name="test_Cases.UserTests" time="6.224" errors="0" timestamp="2026-08-22T17:09:40 PDT" skipped="0">
  <testcase classname="test_Cases.UserTests" name="testPostUser" time="2.673"/>
  <testcase classname="test_Cases.UserTests" name="testGetUser" time="1.194"/>
  <testcase classname="test_Cases.UserTests" name="testUpdateUser" time="1.172"/>
  <testcase classname="test_Cases.UserTests" name="testDeleteUser" time="1.185"/>
</testsuite> <!-- test_Cases.UserTests -->
