<?xml version="1.0" encoding="UTF-8"?>
<!-- Generated by org.testng.reporters.JUnitReportReporter -->
<testsuite hostname="DESKTOP-OJMPDLR" failures="0" tests="6" name="test_Cases.UserTestsDDT" time="9.111" errors="0" timestamp="2026-08-26T06:48:04 PDT" skipped="0">
  <testcase classname="test_Cases.UserTestsDDT" name="testPostUser" time="2.703"/>
  <testcase classname="test_Cases.UserTestsDDT" name="testPostUser" time="1.260"/>
  <testcase classname="test_Cases.UserTestsDDT" name="testPostUser" time="1.255"/>
  <testcase classname="test_Cases.UserTestsDDT" name="testGetUser" time="1.252"/>
  <testcase classname="test_Cases.UserTestsDDT" name="testGetUser" time="1.325"/>
  <testcase classname="test_Cases.UserTestsDDT" name="testGetUser" time="1.316"/>
</testsuite> <!-- test_Cases.UserTestsDDT -->
